{"logTime": "0203/165952", "correlationVector":"yYa+7PcCv0HzFGYJgZikOy.1","action":"SyncServerConnectionManagerRequest", "result":"SYNC_SERVER_OK", "context":{"environment":"Prod_southindia_prod-s01-004-apac-southindia", "migrationStage":"NotStarted", "server":"akswtt00900000b"}}
{"logTime": "0203/165953", "correlationVector":"kFOjAWFtNaAshr0Gry4wMF","action":"SyncServerConnectionManagerRequest", "result":"SYNC_SERVER_OK", "context":{"environment":"", "migrationStage":"", "server":""}}
{"logTime": "0203/165953", "correlationVector":"yYa+7PcCv0HzFGYJgZikOy","action":"Initial GetUpdates", "result":"", "context":Reason: NEW_CLIENT. cV=yYa+7PcCv0HzFGYJgZikOy}
{"logTime": "0203/165953", "correlationVector":"yYa+7PcCv0HzFGYJgZikOy.2","action":"GetUpdates Response", "result":"Success", "context":Received 1 update(s). cV=yYa+7PcCv0HzFGYJgZikOy.0;server=akswtt00900000b;cloudType=Consumer;environment=Prod_southindia_prod-s01-004-apac-southindia;migrationStage=NotStarted}
{"logTime": "0203/165953", "correlationVector":"f49c+Wb5EXLeyad/5SV34x","action":"Initial GetUpdates", "result":"", "context":Reason: NEWLY_SUPPORTED_DATATYPE. cV=f49c+Wb5EXLeyad/5SV34x}
{"logTime": "0203/165953", "correlationVector":"f49c+Wb5EXLeyad/5SV34x.1","action":"SyncServerConnectionManagerRequest", "result":"SYNC_SERVER_OK", "context":{"environment":"Prod_southindia_prod-s01-004-apac-southindia", "migrationStage":"NotStarted", "server":"akswtt00900000g"}}
{"logTime": "0203/165953", "correlationVector":"f49c+Wb5EXLeyad/5SV34x.2","action":"GetUpdates Response", "result":"Success", "context":Received 2 update(s). cV=f49c+Wb5EXLeyad/5SV34x.0;server=akswtt00900000g;cloudType=Consumer;environment=Prod_southindia_prod-s01-004-apac-southindia;migrationStage=NotStarted}
{"logTime": "0203/165953", "correlationVector":"aFxhIUFy6F0s0cU9+x6rmu","action":"Initial GetUpdates", "result":"", "context":Reason: NEWLY_SUPPORTED_DATATYPE. cV=aFxhIUFy6F0s0cU9+x6rmu}
{"logTime": "0203/165953", "correlationVector":"aFxhIUFy6F0s0cU9+x6rmu.1","action":"SyncServerConnectionManagerRequest", "result":"SYNC_SERVER_OK", "context":{"environment":"Prod_southindia_prod-s01-004-apac-southindia", "migrationStage":"NotStarted", "server":"akswtt009000007"}}
{"logTime": "0203/165953", "correlationVector":"aFxhIUFy6F0s0cU9+x6rmu.2","action":"GetUpdates Response", "result":"Success", "context":Received 6 update(s). cV=aFxhIUFy6F0s0cU9+x6rmu.0;server=akswtt009000007;cloudType=Consumer;environment=Prod_southindia_prod-s01-004-apac-southindia;migrationStage=NotStarted}
{"logTime": "0203/165953", "correlationVector":"s3nswiWH4U2RpRuPRBR7wH","action":"Initial GetUpdates", "result":"", "context":Reason: NEWLY_SUPPORTED_DATATYPE. cV=s3nswiWH4U2RpRuPRBR7wH}
{"logTime": "0203/165953", "correlationVector":"s3nswiWH4U2RpRuPRBR7wH.1","action":"SyncServerConnectionManagerRequest", "result":"SYNC_SERVER_OK", "context":{"environment":"Prod_southindia_prod-s01-004-apac-southindia", "migrationStage":"NotStarted", "server":"akswtt009000013"}}
{"logTime": "0203/165953", "correlationVector":"s3nswiWH4U2RpRuPRBR7wH.2","action":"GetUpdates", "result":"DeleteReceived", "context":{"id":"7aabde36-d2a5-483b-bd6c-4d1109c9ca45", "isDeleted:":"true", "version":"1737038749366"}}
{"logTime": "0203/165953", "correlationVector":"s3nswiWH4U2RpRuPRBR7wH.3","action":"GetUpdates", "result":"DeleteReceived", "context":{"id":"03696245-37fb-4061-b739-c717845e90f4", "isDeleted:":"true", "version":"1737038749367"}}
{"logTime": "0203/165953", "correlationVector":"s3nswiWH4U2RpRuPRBR7wH.4","action":"GetUpdates Response", "result":"Success", "context":Received 3 update(s). cV=s3nswiWH4U2RpRuPRBR7wH.0;server=akswtt009000013;cloudType=Consumer;environment=Prod_southindia_prod-s01-004-apac-southindia;migrationStage=NotStarted}
{"logTime": "0203/165953", "correlationVector":"cKIRtxtBknmf0UUK9/+WLp","action":"Initial GetUpdates", "result":"", "context":Reason: NEWLY_SUPPORTED_DATATYPE. cV=cKIRtxtBknmf0UUK9/+WLp}
{"logTime": "0203/165954", "correlationVector":"cKIRtxtBknmf0UUK9/+WLp.1","action":"SyncServerConnectionManagerRequest", "result":"SYNC_SERVER_OK", "context":{"environment":"Prod_southindia_prod-s01-004-apac-southindia", "migrationStage":"NotStarted", "server":"akswtt00900000q"}}
{"logTime": "0203/165954", "correlationVector":"cKIRtxtBknmf0UUK9/+WLp.2","action":"GetUpdates Response", "result":"Success", "context":Received 9 update(s). cV=cKIRtxtBknmf0UUK9/+WLp.0;server=akswtt00900000q;cloudType=Consumer;environment=Prod_southindia_prod-s01-004-apac-southindia;migrationStage=NotStarted}
{"logTime": "0203/165954", "correlationVector":"vWE+UMvMGmpFlp9BNrSkRx","action":"Normal GetUpdate request", "result":"", "context":cV=vWE+UMvMGmpFlp9BNrSkRx
Refresh requested types: Bookmarks, Passwords, Autofill Profiles, Autofill, History, Edge Wallet, Encryption Keys}
{"logTime": "0203/165954", "correlationVector":"vWE+UMvMGmpFlp9BNrSkRx.1","action":"SyncServerConnectionManagerRequest", "result":"SYNC_SERVER_OK", "context":{"environment":"Prod_southindia_prod-s01-004-apac-southindia", "migrationStage":"NotStarted", "server":"akswtt00900002f"}}
{"logTime": "0203/165954", "correlationVector":"vWE+UMvMGmpFlp9BNrSkRx.2","action":"GetUpdates Response", "result":"Success", "context":Received 0 update(s). cV=vWE+UMvMGmpFlp9BNrSkRx.0;server=akswtt00900002f;cloudType=Consumer;environment=Prod_southindia_prod-s01-004-apac-southindia;migrationStage=NotStarted}
{"logTime": "0203/165954", "correlationVector":"6+1nLoCssct141F4H5wJA9","action":"DoCompareDataConsistency requsted types: ", "result":"Bookmarks, Passwords, History, Edge Wallet, Encryption Keys"}
{"logTime": "0203/165954", "correlationVector":"6+1nLoCssct141F4H5wJA9.0","action":"CompareDataConsistency result: ", "result":"Compare result: Encryption Keys is consistent. local entities count is: 1 local entities hash is: vq7eKO36qKEjtkU0Vu7P6qUgWZg="}
{"logTime": "0203/165954", "correlationVector":"6+1nLoCssct141F4H5wJA9.1","action":"CompareDataConsistency result: ", "result":"Compare result: Bookmarks is consistent. local entities count is: 4 local entities hash is: 5UakM5xEoJlHcasGt+6CRRjtCcU="}
{"logTime": "0203/165954", "correlationVector":"6+1nLoCssct141F4H5wJA9.2","action":"CompareDataConsistency result: ", "result":"Server did not send this History local entities count is: 0 local entities hash is: "}
{"logTime": "0203/165954", "correlationVector":"6+1nLoCssct141F4H5wJA9.3","action":"CompareDataConsistency result: ", "result":"Compare result: Edge Wallet is consistent. local entities count is: 0 local entities hash is: "}
{"logTime": "0203/165954", "correlationVector":"6+1nLoCssct141F4H5wJA9.4","action":"CompareDataConsistency result: ", "result":"Compare result: Passwords is consistent. local entities count is: 2 local entities hash is: DzQN0zNSXqFxF1/lqucKYz8l3Xg="}
{"logTime": "0203/165954", "correlationVector":"","action":"DIAGNOSTIC_REQUEST|v1/diagnosticData/Diagnostic.SendCheckResult()|SUCCESS", "result":""}
{"logTime": "0203/170058", "correlationVector":"Twoqy0sioH4ur0MiF/I6yu","action":"Commit Request", "result":"", "context":Item count: 7
Contributing types: History}
{"logTime": "0203/170100", "correlationVector":"Twoqy0sioH4ur0MiF/I6yu.1","action":"SyncServerConnectionManagerRequest", "result":"SYNC_SERVER_OK", "context":{"environment":"Prod_southindia_prod-s01-004-apac-southindia", "migrationStage":"NotStarted", "server":"akswtt00900000u"}}
{"logTime": "0203/170100", "correlationVector":"Twoqy0sioH4ur0MiF/I6yu.2","action":"Commit Response", "result":"Success", "context":Result: Success. cV=Twoqy0sioH4ur0MiF/I6yu.0;server=akswtt00900000u;cloudType=Consumer;environment=Prod_southindia_prod-s01-004-apac-southindia;migrationStage=NotStarted}
{"logTime": "0203/175615", "correlationVector":"6Ax+fDvwgRJWAHCc8kyiYs.1","action":"SyncServerConnectionManagerRequest", "result":"SYNC_SERVER_OK", "context":{"environment":"Prod_southindia_prod-s01-004-apac-southindia", "migrationStage":"NotStarted", "server":"akswtt009000011"}}
{"logTime": "0203/175615", "correlationVector":"BuVu0gIXwP8eGdom5knx0L","action":"SyncServerConnectionManagerRequest", "result":"SYNC_SERVER_OK", "context":{"environment":"", "migrationStage":"", "server":""}}
{"logTime": "0203/175615", "correlationVector":"6Ax+fDvwgRJWAHCc8kyiYs","action":"Initial GetUpdates", "result":"", "context":Reason: NEW_CLIENT. cV=6Ax+fDvwgRJWAHCc8kyiYs}
{"logTime": "0203/175615", "correlationVector":"6Ax+fDvwgRJWAHCc8kyiYs.2","action":"GetUpdates Response", "result":"Success", "context":Received 1 update(s). cV=6Ax+fDvwgRJWAHCc8kyiYs.0;server=akswtt009000011;cloudType=Consumer;environment=Prod_southindia_prod-s01-004-apac-southindia;migrationStage=NotStarted}
{"logTime": "0203/175615", "correlationVector":"i31+8OYbLwCZV9sc6Oys7e","action":"Initial GetUpdates", "result":"", "context":Reason: NEWLY_SUPPORTED_DATATYPE. cV=i31+8OYbLwCZV9sc6Oys7e}
{"logTime": "0203/175616", "correlationVector":"i31+8OYbLwCZV9sc6Oys7e.1","action":"SyncServerConnectionManagerRequest", "result":"SYNC_SERVER_OK", "context":{"environment":"Prod_southindia_prod-s01-004-apac-southindia", "migrationStage":"NotStarted", "server":"akswtt00900000l"}}
{"logTime": "0203/175616", "correlationVector":"i31+8OYbLwCZV9sc6Oys7e.2","action":"GetUpdates Response", "result":"Success", "context":Received 4 update(s). cV=i31+8OYbLwCZV9sc6Oys7e.0;server=akswtt00900000l;cloudType=Consumer;environment=Prod_southindia_prod-s01-004-apac-southindia;migrationStage=NotStarted}
{"logTime": "0203/175616", "correlationVector":"km1QNJgfa1rvgeQJ16ICwB","action":"Normal GetUpdate request", "result":"", "context":cV=km1QNJgfa1rvgeQJ16ICwB
Nudged types: History
Refresh requested types: Bookmarks, Passwords, Autofill Profiles, Autofill, History, Edge Wallet, Encryption Keys}
{"logTime": "0203/175616", "correlationVector":"km1QNJgfa1rvgeQJ16ICwB.1","action":"SyncServerConnectionManagerRequest", "result":"SYNC_SERVER_OK", "context":{"environment":"Prod_southindia_prod-s01-004-apac-southindia", "migrationStage":"NotStarted", "server":"akswtt009000004"}}
{"logTime": "0203/175616", "correlationVector":"km1QNJgfa1rvgeQJ16ICwB.2","action":"GetUpdates Response", "result":"Success", "context":Received 34 update(s). cV=km1QNJgfa1rvgeQJ16ICwB.0;server=akswtt009000004;cloudType=Consumer;environment=Prod_southindia_prod-s01-004-apac-southindia;migrationStage=NotStarted}
{"logTime": "0203/175730", "correlationVector":"0hU4A/doEvbKpy4cai/+jB","action":"Commit Request", "result":"", "context":Item count: 6
Contributing types: History}
{"logTime": "0203/175730", "correlationVector":"0hU4A/doEvbKpy4cai/+jB.1","action":"SyncServerConnectionManagerRequest", "result":"SYNC_SERVER_OK", "context":{"environment":"Prod_southindia_prod-s01-004-apac-southindia", "migrationStage":"NotStarted", "server":"akswtt00900000k"}}
{"logTime": "0203/175730", "correlationVector":"0hU4A/doEvbKpy4cai/+jB.2","action":"Commit Response", "result":"Success", "context":Result: Success. cV=0hU4A/doEvbKpy4cai/+jB.0;server=akswtt00900000k;cloudType=Consumer;environment=Prod_southindia_prod-s01-004-apac-southindia;migrationStage=NotStarted}
{"logTime": "0203/180055", "correlationVector":"Kl1o3WGfCgB/GFGCf8eEpA","action":"Commit Request", "result":"", "context":Item count: 3
Contributing types: Passwords, History}
{"logTime": "0203/180056", "correlationVector":"Kl1o3WGfCgB/GFGCf8eEpA.1","action":"SyncServerConnectionManagerRequest", "result":"SYNC_SERVER_OK", "context":{"environment":"Prod_southindia_prod-s01-004-apac-southindia", "migrationStage":"NotStarted", "server":"akswtt00900001k"}}
{"logTime": "0203/180056", "correlationVector":"Kl1o3WGfCgB/GFGCf8eEpA.2","action":"Commit Response", "result":"Success", "context":Result: Success. cV=Kl1o3WGfCgB/GFGCf8eEpA.0;server=akswtt00900001k;cloudType=Consumer;environment=Prod_southindia_prod-s01-004-apac-southindia;migrationStage=NotStarted}
{"logTime": "0203/182243", "correlationVector":"nR6O73AmfmljF7bhv6PE3j","action":"Commit Request", "result":"", "context":Item count: 3
Contributing types: History}
{"logTime": "0203/182243", "correlationVector":"nR6O73AmfmljF7bhv6PE3j.1","action":"SyncServerConnectionManagerRequest", "result":"SYNC_SERVER_OK", "context":{"environment":"Prod_southindia_prod-s01-004-apac-southindia", "migrationStage":"NotStarted", "server":"akswtt009000001"}}
{"logTime": "0203/182243", "correlationVector":"nR6O73AmfmljF7bhv6PE3j.2","action":"Commit Response", "result":"Success", "context":Result: Success. cV=nR6O73AmfmljF7bhv6PE3j.0;server=akswtt009000001;cloudType=Consumer;environment=Prod_southindia_prod-s01-004-apac-southindia;migrationStage=NotStarted}
