2025-02-03 16:59:45.846: [INFO][Sync] Reset engine, reason: 8
2025-02-03 16:59:45.846: [INFO][Sync] Stopped: Bookmarks
2025-02-03 16:59:45.846: [INFO][Sync] Stopped: Preferences
2025-02-03 16:59:45.846: [INFO][Sync] Stopped: Passwords
2025-02-03 16:59:45.846: [INFO][Sync] Stopped: Autofill Profiles
2025-02-03 16:59:45.846: [INFO][Sync] Stopped: Autofill
2025-02-03 16:59:45.846: [INFO][Sync] Stopped: Extensions
2025-02-03 16:59:45.846: [INFO][Sync] Stopped: Sessions
2025-02-03 16:59:45.846: [INFO][Sync] Stopped: Extension settings
2025-02-03 16:59:45.846: [INFO][Sync] Stopped: History Delete Directives
2025-02-03 16:59:45.846: [INFO][Sync] Stopped: Device Info
2025-02-03 16:59:45.846: [INFO][Sync] Stopped: User Consents
2025-02-03 16:59:45.846: [INFO][Sync] Stopped: Send Tab To Self
2025-02-03 16:59:45.846: [INFO][Sync] Stopped: Web Apps
2025-02-03 16:59:45.846: [INFO][Sync] Stopped: History
2025-02-03 16:59:45.846: [INFO][Sync] Stopped: Collection
2025-02-03 16:59:45.846: [INFO][Sync] Stopped: Edge E Drop
2025-02-03 16:59:45.846: [INFO][Sync] Stopped: Edge Hub App Usage
2025-02-03 16:59:45.846: [INFO][Sync] Stopped: Edge Tab Group
2025-02-03 16:59:45.846: [INFO][Sync] Stopped: Edge Wallet
2025-02-03 16:59:45.846: [INFO][Sync] SyncState after authenticated was: NotSignedIn
2025-02-03 16:59:46.100: [INFO][Sync] Reset engine, reason: 8
2025-02-03 16:59:46.100: [INFO][Sync] Stopped: Bookmarks
2025-02-03 16:59:46.100: [INFO][Sync] Stopped: Preferences
2025-02-03 16:59:46.100: [INFO][Sync] Stopped: Passwords
2025-02-03 16:59:46.100: [INFO][Sync] Stopped: Autofill Profiles
2025-02-03 16:59:46.100: [INFO][Sync] Stopped: Autofill
2025-02-03 16:59:46.100: [INFO][Sync] Stopped: Extensions
2025-02-03 16:59:46.100: [INFO][Sync] Stopped: Sessions
2025-02-03 16:59:46.100: [INFO][Sync] Stopped: Extension settings
2025-02-03 16:59:46.100: [INFO][Sync] Stopped: History Delete Directives
2025-02-03 16:59:46.100: [INFO][Sync] Stopped: Device Info
2025-02-03 16:59:46.100: [INFO][Sync] Stopped: User Consents
2025-02-03 16:59:46.100: [INFO][Sync] Stopped: Send Tab To Self
2025-02-03 16:59:46.100: [INFO][Sync] Stopped: Web Apps
2025-02-03 16:59:46.100: [INFO][Sync] Stopped: History
2025-02-03 16:59:46.100: [INFO][Sync] Stopped: Collection
2025-02-03 16:59:46.100: [INFO][Sync] Stopped: Edge E Drop
2025-02-03 16:59:46.100: [INFO][Sync] Stopped: Edge Hub App Usage
2025-02-03 16:59:46.100: [INFO][Sync] Stopped: Edge Tab Group
2025-02-03 16:59:46.100: [INFO][Sync] Stopped: Edge Wallet
2025-02-03 16:59:48.805: [INFO][Sync] Try to start sync engine
2025-02-03 16:59:48.808: [INFO][SyncManagerImpl::NudgeForInitialDownload] Initial download nudge for Encryption Keys
2025-02-03 16:59:48.808: [INFO][SyncEngineBackend::LoadAndConnectNigoriController] Load and connect Nigori controller
2025-02-03 16:59:48.808: [INFO][SyncEngineBackend::DoInitialize] Control Types added: Encryption Keys
2025-02-03 16:59:48.808: [INFO][SyncManagerImpl::ConfigureSyncer] Types to download: Encryption Keys with reason: 3
2025-02-03 16:59:48.808: [INFO][SyncSchedulerImpl::DoConfigurationSyncCycleJob] Configure job was blocked
2025-02-03 16:59:51.934: [INFO][SyncAuthManager::SetLastAuthError] Current auth error: None
2025-02-03 16:59:51.934: [INFO][SyncAuthManager::EdgeLogTokenErrorState] Token error with: None for account type: MSA
2025-02-03 16:59:51.934: [INFO][Sync] Credentials changed for: EdgeSyncScopeNew
2025-02-03 16:59:52.424: [INFO][SyncAuthManager::SetLastAuthError] Current auth error: None
2025-02-03 16:59:52.424: [INFO][SyncAuthManager::EdgeLogTokenErrorState] Token error with: None for account type: MSA
2025-02-03 16:59:52.424: [INFO][Sync] Credentials changed for: EdgeSyncKeyDataScope
2025-02-03 16:59:52.424: [INFO][SyncEngineBackend::DoUpdateKeyDataCredentials] Update key data credentials
2025-02-03 16:59:52.424: [INFO][SyncEngineBackend::DoUpdateCredentials] Update credentials
2025-02-03 16:59:52.424: [INFO][SyncSchedulerImpl::DoConfigurationSyncCycleJob] Blocked types:  and types to download: Encryption Keys
2025-02-03 16:59:52.884: [INFO][Sync] Started DataTypeManager configuration, reason: 4
2025-02-03 16:59:52.884: [INFO][Sync] Configuring for: Bookmarks, Preferences, Passwords, Autofill Profiles, Autofill, Extensions, Sessions, Extension settings, History Delete Directives, Device Info, User Consents, Send Tab To Self, Web Apps, History, Collection, Edge E Drop, Edge Hub App Usage, Edge Tab Group, Edge Wallet, Encryption Keys, reason: 3, current state: 0
2025-02-03 16:59:52.885: [INFO][Sync] Configure, desired: Bookmarks, Preferences, Extensions, Sessions, Extension settings, History Delete Directives, Device Info, User Consents, Send Tab To Self, Web Apps, History, Collection, Edge E Drop, Edge Hub App Usage, Edge Tab Group, Edge Wallet, Encryption Keys; Allow fail: Passwords, Autofill Profiles, Autofill
2025-02-03 16:59:52.885: [INFO][Sync] Loading: Bookmarks
2025-02-03 16:59:52.885: [INFO][Sync] Loading: Preferences
2025-02-03 16:59:52.885: [INFO][Sync] Loading: Extensions
2025-02-03 16:59:52.885: [INFO][Sync] Loading: Sessions
2025-02-03 16:59:52.885: [INFO][Sync] Loading: Extension settings
2025-02-03 16:59:52.885: [INFO][Sync] Loading: History Delete Directives
2025-02-03 16:59:52.885: [INFO][Sync] Loading: Device Info
2025-02-03 16:59:52.885: [INFO][Sync] Loading: User Consents
2025-02-03 16:59:52.885: [INFO][Sync] Loading: Send Tab To Self
2025-02-03 16:59:52.885: [INFO][Sync] Loading: Web Apps
2025-02-03 16:59:52.885: [INFO][Sync] Loading: History
2025-02-03 16:59:52.885: [INFO][Sync] Loading: Collection
2025-02-03 16:59:52.885: [INFO][Sync] Loading: Edge E Drop
2025-02-03 16:59:52.885: [INFO][Sync] Loading: Edge Hub App Usage
2025-02-03 16:59:52.885: [INFO][Sync] Loading: Edge Tab Group
2025-02-03 16:59:52.885: [INFO][Sync] Loading: Edge Wallet
2025-02-03 16:59:52.886: [ERROR][Sync] Load Preferences, failed: ConstructDataTypeStoreOnFrontendSequence@components\sync\model\data_type_store_service_impl.cc:105: DataTypeStore backend initialization failed
2025-02-03 16:59:52.886: [ERROR][Sync] Stoping type: Preferences, error: DataTypeStore backend initialization failed
2025-02-03 16:59:52.886: [ERROR][Sync] Load Extensions, failed: ConstructDataTypeStoreOnFrontendSequence@components\sync\model\data_type_store_service_impl.cc:105: DataTypeStore backend initialization failed
2025-02-03 16:59:52.886: [ERROR][Sync] Stoping type: Extensions, error: DataTypeStore backend initialization failed
2025-02-03 16:59:52.886: [ERROR][Sync] Load History Delete Directives, failed: ConstructDataTypeStoreOnFrontendSequence@components\sync\model\data_type_store_service_impl.cc:105: DataTypeStore backend initialization failed
2025-02-03 16:59:52.886: [ERROR][Sync] Stoping type: History Delete Directives, error: DataTypeStore backend initialization failed
2025-02-03 16:59:52.886: [ERROR][Sync] Load Device Info, failed: ConstructDataTypeStoreOnFrontendSequence@components\sync\model\data_type_store_service_impl.cc:105: DataTypeStore backend initialization failed
2025-02-03 16:59:52.886: [ERROR][Sync] Stoping type: Device Info, error: DataTypeStore backend initialization failed
2025-02-03 16:59:52.886: [ERROR][Sync] Load User Consents, failed: ConstructDataTypeStoreOnFrontendSequence@components\sync\model\data_type_store_service_impl.cc:105: DataTypeStore backend initialization failed
2025-02-03 16:59:52.886: [ERROR][Sync] Stoping type: User Consents, error: DataTypeStore backend initialization failed
2025-02-03 16:59:52.886: [ERROR][Sync] Load Send Tab To Self, failed: ConstructDataTypeStoreOnFrontendSequence@components\sync\model\data_type_store_service_impl.cc:105: DataTypeStore backend initialization failed
2025-02-03 16:59:52.886: [ERROR][Sync] Stoping type: Send Tab To Self, error: DataTypeStore backend initialization failed
2025-02-03 16:59:52.886: [ERROR][Sync] Load Web Apps, failed: ConstructDataTypeStoreOnFrontendSequence@components\sync\model\data_type_store_service_impl.cc:105: DataTypeStore backend initialization failed
2025-02-03 16:59:52.886: [ERROR][Sync] Stoping type: Web Apps, error: DataTypeStore backend initialization failed
2025-02-03 16:59:52.886: [ERROR][Sync] Load Collection, failed: ConstructDataTypeStoreOnFrontendSequence@components\sync\model\data_type_store_service_impl.cc:105: DataTypeStore backend initialization failed
2025-02-03 16:59:52.886: [ERROR][Sync] Stoping type: Collection, error: DataTypeStore backend initialization failed
2025-02-03 16:59:52.886: [ERROR][Sync] Load Edge Tab Group, failed: ConstructDataTypeStoreOnFrontendSequence@components\sync\model\data_type_store_service_impl.cc:105: DataTypeStore backend initialization failed
2025-02-03 16:59:52.886: [ERROR][Sync] Stoping type: Edge Tab Group, error: DataTypeStore backend initialization failed
2025-02-03 16:59:52.886: [ERROR][Sync] Load Edge E Drop, failed: EDropSyncBridge@components\edge_e_drop\core\browser\sync\e_drop_sync_bridge.cc:70: DataTypeStore for Drop initialization failed
2025-02-03 16:59:52.886: [ERROR][Sync] Stoping type: Edge E Drop, error: DataTypeStore for Drop initialization failed
2025-02-03 16:59:52.886: [ERROR][Sync] Load Edge Hub App Usage, failed: EdgeHubAppUsageSyncBridge@components\edge_hub_apps\sync\edge_hub_app_usage_sync_bridge.cc:55: ModelTypeStore for Hub App Usage initialization failed
2025-02-03 16:59:52.886: [ERROR][Sync] Stoping type: Edge Hub App Usage, error: ModelTypeStore for Hub App Usage initialization failed
2025-02-03 16:59:52.887: [ERROR][Sync] Load Extension settings, failed: ConstructDataTypeStoreOnFrontendSequence@components\sync\model\data_type_store_service_impl.cc:105: DataTypeStore backend initialization failed
2025-02-03 16:59:52.887: [ERROR][Sync] Stoping type: Extension settings, error: DataTypeStore backend initialization failed
2025-02-03 16:59:52.887: [ERROR][Sync] Load Sessions, failed: ConstructDataTypeStoreOnFrontendSequence@components\sync\model\data_type_store_service_impl.cc:105: DataTypeStore backend initialization failed
2025-02-03 16:59:52.887: [ERROR][Sync] Stoping type: Sessions, error: DataTypeStore backend initialization failed
2025-02-03 16:59:52.887: [INFO][Sync] Configuring for: Bookmarks, Preferences, Passwords, Autofill Profiles, Autofill, Extensions, Sessions, Extension settings, History Delete Directives, Device Info, User Consents, Send Tab To Self, Web Apps, History, Collection, Edge E Drop, Edge Hub App Usage, Edge Tab Group, Edge Wallet, Encryption Keys, reason: 3, current state: 2
2025-02-03 16:59:52.887: [INFO][Sync] Configure, desired: Bookmarks, History, Edge Wallet, Encryption Keys; Allow fail: Preferences, Passwords, Autofill Profiles, Autofill, Extensions, Sessions, Extension settings, History Delete Directives, Device Info, User Consents, Send Tab To Self, Web Apps, Collection, Edge E Drop, Edge Hub App Usage, Edge Tab Group
2025-02-03 16:59:52.887: [INFO][Sync] All data types are ready for configure.
2025-02-03 16:59:53.358: [INFO][Sync] Started DataTypeManager configuration, reason: 5
2025-02-03 16:59:53.359: [INFO][Sync] Configuring for: Bookmarks, Preferences, Passwords, Autofill Profiles, Autofill, Extensions, Sessions, Extension settings, History Delete Directives, Device Info, User Consents, Send Tab To Self, Web Apps, History, Collection, Edge E Drop, Edge Hub App Usage, Edge Tab Group, Edge Wallet, Encryption Keys, reason: 5, current state: 1
2025-02-03 16:59:53.359: [INFO][SyncEngineBackend::DoStartConfiguration] Start configuration
2025-02-03 16:59:53.359: [INFO][SyncManagerImpl::NudgeForInitialDownload] Initial download nudge for Bookmarks
2025-02-03 16:59:53.359: [INFO][SyncManagerImpl::NudgeForInitialDownload] Initial download nudge for History
2025-02-03 16:59:53.359: [INFO][SyncManagerImpl::NudgeForInitialDownload] Initial download nudge for Edge Wallet
2025-02-03 16:59:53.359: [INFO][SyncManagerImpl::ConfigureSyncer] Types to download:  with reason: 3
2025-02-03 16:59:53.359: [INFO][SyncEngineBackend::DoFinishConfigureDataTypes] Failed to download types:  and succeeded types: 
2025-02-03 16:59:53.360: [INFO][Sync] ConfigurationDone, failed: , succeeded: , remaining count: 3
2025-02-03 16:59:53.360: [WARN][Sync]     Reconfigure requested while configuration ongoing.
2025-02-03 16:59:53.360: [INFO][Sync] Configuring for: Bookmarks, Preferences, Passwords, Autofill Profiles, Autofill, Extensions, Sessions, Extension settings, History Delete Directives, Device Info, User Consents, Send Tab To Self, Web Apps, History, Collection, Edge E Drop, Edge Hub App Usage, Edge Tab Group, Edge Wallet, Encryption Keys, reason: 5, current state: 2
2025-02-03 16:59:53.360: [INFO][Sync] Configure, desired: Bookmarks, Passwords, Autofill Profiles, Autofill, History, Edge Wallet, Encryption Keys; Allow fail: Preferences, Extensions, Sessions, Extension settings, History Delete Directives, Device Info, User Consents, Send Tab To Self, Web Apps, Collection, Edge E Drop, Edge Hub App Usage, Edge Tab Group
2025-02-03 16:59:53.360: [INFO][Sync] Loading: Passwords
2025-02-03 16:59:53.360: [INFO][Sync] Loading: Autofill Profiles
2025-02-03 16:59:53.360: [INFO][Sync] Loading: Autofill
2025-02-03 16:59:53.360: [INFO][Sync] All data types are ready for configure.
2025-02-03 16:59:53.361: [INFO][SyncManagerImpl::NudgeForInitialDownload] Initial download nudge for Passwords
2025-02-03 16:59:53.361: [INFO][SyncManagerImpl::NudgeForInitialDownload] Initial download nudge for Autofill Profiles
2025-02-03 16:59:53.361: [INFO][SyncManagerImpl::NudgeForInitialDownload] Initial download nudge for Autofill
2025-02-03 16:59:53.361: [INFO][SyncManagerImpl::ConfigureSyncer] Types to download:  with reason: 5
2025-02-03 16:59:53.361: [INFO][SyncEngineBackend::DoFinishConfigureDataTypes] Failed to download types:  and succeeded types: 
2025-02-03 16:59:53.361: [INFO][Sync] ConfigurationDone, failed: , succeeded: , remaining count: 4
2025-02-03 16:59:53.361: [INFO][Sync] Prepare to configure types: Passwords, Encryption Keys
2025-02-03 16:59:53.361: [INFO][SyncManagerImpl::ConfigureSyncer] Types to download: Passwords, Encryption Keys with reason: 5
2025-02-03 16:59:53.361: [INFO][SyncSchedulerImpl::DoConfigurationSyncCycleJob] Blocked types:  and types to download: Passwords, Encryption Keys
2025-02-03 16:59:53.567: [INFO][SyncEngineBackend::DoFinishConfigureDataTypes] Failed to download types:  and succeeded types: Passwords, Encryption Keys
2025-02-03 16:59:53.568: [INFO][Sync] ConfigurationDone, failed: , succeeded: Passwords, Encryption Keys, remaining count: 3
2025-02-03 16:59:53.568: [INFO][Sync] Prepare to configure types: Bookmarks, Encryption Keys
2025-02-03 16:59:53.568: [INFO][SyncManagerImpl::ConfigureSyncer] Types to download: Bookmarks, Encryption Keys with reason: 5
2025-02-03 16:59:53.568: [INFO][SyncSchedulerImpl::DoConfigurationSyncCycleJob] Blocked types:  and types to download: Bookmarks, Encryption Keys
2025-02-03 16:59:53.724: [INFO][SyncEngineBackend::DoFinishConfigureDataTypes] Failed to download types:  and succeeded types: Bookmarks, Encryption Keys
2025-02-03 16:59:53.729: [INFO][Sync] ConfigurationDone, failed: , succeeded: Bookmarks, Encryption Keys, remaining count: 2
2025-02-03 16:59:53.729: [INFO][Sync] Prepare to configure types: Autofill Profiles, Autofill, Edge Wallet, Encryption Keys
2025-02-03 16:59:53.729: [INFO][SyncManagerImpl::ConfigureSyncer] Types to download: Autofill Profiles, Autofill, Edge Wallet, Encryption Keys with reason: 5
2025-02-03 16:59:53.729: [INFO][SyncSchedulerImpl::DoConfigurationSyncCycleJob] Blocked types:  and types to download: Autofill Profiles, Autofill, Edge Wallet, Encryption Keys
2025-02-03 16:59:53.938: [INFO][SyncEngineBackend::DoFinishConfigureDataTypes] Failed to download types:  and succeeded types: Autofill Profiles, Autofill, Edge Wallet, Encryption Keys
2025-02-03 16:59:53.940: [INFO][Sync] ConfigurationDone, failed: , succeeded: Autofill Profiles, Autofill, Edge Wallet, Encryption Keys, remaining count: 1
2025-02-03 16:59:53.941: [INFO][Sync] Prepare to configure types: History, Encryption Keys
2025-02-03 16:59:53.941: [INFO][SyncManagerImpl::ConfigureSyncer] Types to download: History, Encryption Keys with reason: 5
2025-02-03 16:59:53.941: [INFO][SyncSchedulerImpl::DoConfigurationSyncCycleJob] Blocked types:  and types to download: History, Encryption Keys
2025-02-03 16:59:54.106: [INFO][SyncEngineBackend::DoFinishConfigureDataTypes] Failed to download types:  and succeeded types: History, Encryption Keys
2025-02-03 16:59:54.107: [INFO][Sync] ConfigurationDone, failed: , succeeded: History, Encryption Keys, remaining count: 0
2025-02-03 16:59:54.108: [INFO][Sync]     Configuration completed, state: 7
2025-02-03 16:59:54.108: [INFO][Sync] Configured DataTypeManager: Ok
2025-02-03 16:59:54.109: [INFO][SyncEngineBackend::DoStartSyncing] Start syncing
2025-02-03 17:56:10.118: [INFO][Sync] SyncState after authenticated was: FeatureCanStart
2025-02-03 17:56:11.466: [INFO][Sync] Try to start sync engine
2025-02-03 17:56:11.468: [INFO][SyncManagerImpl::NudgeForInitialDownload] Initial download nudge for Encryption Keys
2025-02-03 17:56:11.468: [INFO][SyncEngineBackend::LoadAndConnectNigoriController] Load and connect Nigori controller
2025-02-03 17:56:11.468: [INFO][SyncEngineBackend::DoInitialize] Control Types added: Encryption Keys
2025-02-03 17:56:11.468: [INFO][SyncManagerImpl::ConfigureSyncer] Types to download: Encryption Keys with reason: 3
2025-02-03 17:56:11.468: [INFO][SyncSchedulerImpl::DoConfigurationSyncCycleJob] Configure job was blocked
2025-02-03 17:56:11.796: [INFO][SyncAuthManager::SetLastAuthError] Current auth error: None
2025-02-03 17:56:11.797: [INFO][SyncAuthManager::EdgeLogTokenErrorState] Token error with: None for account type: MSA
2025-02-03 17:56:11.797: [INFO][Sync] Credentials changed for: EdgeSyncScopeNew
2025-02-03 17:56:14.697: [INFO][SyncAuthManager::SetLastAuthError] Current auth error: None
2025-02-03 17:56:14.697: [INFO][SyncAuthManager::EdgeLogTokenErrorState] Token error with: None for account type: MSA
2025-02-03 17:56:14.697: [INFO][Sync] Credentials changed for: EdgeSyncKeyDataScope
2025-02-03 17:56:14.697: [INFO][SyncEngineBackend::DoUpdateKeyDataCredentials] Update key data credentials
2025-02-03 17:56:14.697: [INFO][SyncEngineBackend::DoUpdateCredentials] Update credentials
2025-02-03 17:56:14.697: [INFO][SyncSchedulerImpl::DoConfigurationSyncCycleJob] Blocked types:  and types to download: Encryption Keys
2025-02-03 17:56:15.260: [INFO][Sync] Started DataTypeManager configuration, reason: 4
2025-02-03 17:56:15.260: [INFO][Sync] Configuring for: Bookmarks, Preferences, Passwords, Autofill Profiles, Autofill, Extensions, Sessions, Extension settings, History Delete Directives, Device Info, User Consents, Send Tab To Self, Web Apps, History, Collection, Edge E Drop, Edge Hub App Usage, Edge Tab Group, Edge Wallet, Encryption Keys, reason: 4, current state: 0
2025-02-03 17:56:15.261: [INFO][Sync] Configure, desired: Bookmarks, Preferences, Extensions, Sessions, Extension settings, History Delete Directives, Device Info, User Consents, Send Tab To Self, Web Apps, History, Collection, Edge E Drop, Edge Hub App Usage, Edge Tab Group, Edge Wallet, Encryption Keys; Allow fail: Passwords, Autofill Profiles, Autofill
2025-02-03 17:56:15.261: [INFO][Sync] Loading: Bookmarks
2025-02-03 17:56:15.261: [INFO][Sync] Loading: Preferences
2025-02-03 17:56:15.261: [INFO][Sync] Loading: Extensions
2025-02-03 17:56:15.261: [INFO][Sync] Loading: Sessions
2025-02-03 17:56:15.261: [INFO][Sync] Loading: Extension settings
2025-02-03 17:56:15.261: [INFO][Sync] Loading: History Delete Directives
2025-02-03 17:56:15.261: [INFO][Sync] Loading: Device Info
2025-02-03 17:56:15.261: [INFO][Sync] Loading: User Consents
2025-02-03 17:56:15.261: [INFO][Sync] Loading: Send Tab To Self
2025-02-03 17:56:15.261: [INFO][Sync] Loading: Web Apps
2025-02-03 17:56:15.261: [INFO][Sync] Loading: History
2025-02-03 17:56:15.262: [INFO][Sync] Loading: Collection
2025-02-03 17:56:15.262: [INFO][Sync] Loading: Edge E Drop
2025-02-03 17:56:15.262: [INFO][Sync] Loading: Edge Hub App Usage
2025-02-03 17:56:15.262: [INFO][Sync] Loading: Edge Tab Group
2025-02-03 17:56:15.262: [INFO][Sync] Loading: Edge Wallet
2025-02-03 17:56:15.263: [ERROR][Sync] Load Preferences, failed: ConstructDataTypeStoreOnFrontendSequence@components\sync\model\data_type_store_service_impl.cc:105: DataTypeStore backend initialization failed
2025-02-03 17:56:15.263: [ERROR][Sync] Stoping type: Preferences, error: DataTypeStore backend initialization failed
2025-02-03 17:56:15.263: [ERROR][Sync] Load Extensions, failed: ConstructDataTypeStoreOnFrontendSequence@components\sync\model\data_type_store_service_impl.cc:105: DataTypeStore backend initialization failed
2025-02-03 17:56:15.263: [ERROR][Sync] Stoping type: Extensions, error: DataTypeStore backend initialization failed
2025-02-03 17:56:15.263: [ERROR][Sync] Load History Delete Directives, failed: ConstructDataTypeStoreOnFrontendSequence@components\sync\model\data_type_store_service_impl.cc:105: DataTypeStore backend initialization failed
2025-02-03 17:56:15.263: [ERROR][Sync] Stoping type: History Delete Directives, error: DataTypeStore backend initialization failed
2025-02-03 17:56:15.263: [ERROR][Sync] Load Extension settings, failed: ConstructDataTypeStoreOnFrontendSequence@components\sync\model\data_type_store_service_impl.cc:105: DataTypeStore backend initialization failed
2025-02-03 17:56:15.263: [ERROR][Sync] Stoping type: Extension settings, error: DataTypeStore backend initialization failed
2025-02-03 17:56:15.263: [ERROR][Sync] Load Device Info, failed: ConstructDataTypeStoreOnFrontendSequence@components\sync\model\data_type_store_service_impl.cc:105: DataTypeStore backend initialization failed
2025-02-03 17:56:15.263: [ERROR][Sync] Stoping type: Device Info, error: DataTypeStore backend initialization failed
2025-02-03 17:56:15.263: [ERROR][Sync] Load User Consents, failed: ConstructDataTypeStoreOnFrontendSequence@components\sync\model\data_type_store_service_impl.cc:105: DataTypeStore backend initialization failed
2025-02-03 17:56:15.263: [ERROR][Sync] Stoping type: User Consents, error: DataTypeStore backend initialization failed
2025-02-03 17:56:15.263: [ERROR][Sync] Load Send Tab To Self, failed: ConstructDataTypeStoreOnFrontendSequence@components\sync\model\data_type_store_service_impl.cc:105: DataTypeStore backend initialization failed
2025-02-03 17:56:15.263: [ERROR][Sync] Stoping type: Send Tab To Self, error: DataTypeStore backend initialization failed
2025-02-03 17:56:15.263: [ERROR][Sync] Load Web Apps, failed: ConstructDataTypeStoreOnFrontendSequence@components\sync\model\data_type_store_service_impl.cc:105: DataTypeStore backend initialization failed
2025-02-03 17:56:15.263: [ERROR][Sync] Stoping type: Web Apps, error: DataTypeStore backend initialization failed
2025-02-03 17:56:15.263: [ERROR][Sync] Load Collection, failed: ConstructDataTypeStoreOnFrontendSequence@components\sync\model\data_type_store_service_impl.cc:105: DataTypeStore backend initialization failed
2025-02-03 17:56:15.263: [ERROR][Sync] Stoping type: Collection, error: DataTypeStore backend initialization failed
2025-02-03 17:56:15.263: [ERROR][Sync] Load Edge Tab Group, failed: ConstructDataTypeStoreOnFrontendSequence@components\sync\model\data_type_store_service_impl.cc:105: DataTypeStore backend initialization failed
2025-02-03 17:56:15.263: [ERROR][Sync] Stoping type: Edge Tab Group, error: DataTypeStore backend initialization failed
2025-02-03 17:56:15.263: [ERROR][Sync] Load Edge E Drop, failed: EDropSyncBridge@components\edge_e_drop\core\browser\sync\e_drop_sync_bridge.cc:70: DataTypeStore for Drop initialization failed
2025-02-03 17:56:15.263: [ERROR][Sync] Stoping type: Edge E Drop, error: DataTypeStore for Drop initialization failed
2025-02-03 17:56:15.263: [ERROR][Sync] Load Edge Hub App Usage, failed: EdgeHubAppUsageSyncBridge@components\edge_hub_apps\sync\edge_hub_app_usage_sync_bridge.cc:55: ModelTypeStore for Hub App Usage initialization failed
2025-02-03 17:56:15.263: [ERROR][Sync] Stoping type: Edge Hub App Usage, error: ModelTypeStore for Hub App Usage initialization failed
2025-02-03 17:56:15.263: [ERROR][Sync] Load Sessions, failed: ConstructDataTypeStoreOnFrontendSequence@components\sync\model\data_type_store_service_impl.cc:105: DataTypeStore backend initialization failed
2025-02-03 17:56:15.263: [ERROR][Sync] Stoping type: Sessions, error: DataTypeStore backend initialization failed
2025-02-03 17:56:15.263: [INFO][Sync] Configuring for: Bookmarks, Preferences, Passwords, Autofill Profiles, Autofill, Extensions, Sessions, Extension settings, History Delete Directives, Device Info, User Consents, Send Tab To Self, Web Apps, History, Collection, Edge E Drop, Edge Hub App Usage, Edge Tab Group, Edge Wallet, Encryption Keys, reason: 6, current state: 2
2025-02-03 17:56:15.263: [INFO][Sync] Configure, desired: Bookmarks, History, Edge Wallet, Encryption Keys; Allow fail: Preferences, Passwords, Autofill Profiles, Autofill, Extensions, Sessions, Extension settings, History Delete Directives, Device Info, User Consents, Send Tab To Self, Web Apps, Collection, Edge E Drop, Edge Hub App Usage, Edge Tab Group
2025-02-03 17:56:15.264: [INFO][Sync] All data types are ready for configure.
2025-02-03 17:56:15.781: [INFO][Sync] Started DataTypeManager configuration, reason: 5
2025-02-03 17:56:15.781: [INFO][Sync] Configuring for: Bookmarks, Preferences, Passwords, Autofill Profiles, Autofill, Extensions, Sessions, Extension settings, History Delete Directives, Device Info, User Consents, Send Tab To Self, Web Apps, History, Collection, Edge E Drop, Edge Hub App Usage, Edge Tab Group, Edge Wallet, Encryption Keys, reason: 5, current state: 1
2025-02-03 17:56:15.782: [INFO][SyncEngineBackend::DoStartConfiguration] Start configuration
2025-02-03 17:56:15.782: [INFO][SyncManagerImpl::ConfigureSyncer] Types to download:  with reason: 6
2025-02-03 17:56:15.782: [INFO][SyncEngineBackend::DoFinishConfigureDataTypes] Failed to download types:  and succeeded types: 
2025-02-03 17:56:15.782: [INFO][Sync] ConfigurationDone, failed: , succeeded: , remaining count: 3
2025-02-03 17:56:15.782: [WARN][Sync]     Reconfigure requested while configuration ongoing.
2025-02-03 17:56:15.782: [INFO][Sync] Configuring for: Bookmarks, Preferences, Passwords, Autofill Profiles, Autofill, Extensions, Sessions, Extension settings, History Delete Directives, Device Info, User Consents, Send Tab To Self, Web Apps, History, Collection, Edge E Drop, Edge Hub App Usage, Edge Tab Group, Edge Wallet, Encryption Keys, reason: 5, current state: 2
2025-02-03 17:56:15.782: [INFO][Sync] Configure, desired: Bookmarks, Passwords, Autofill Profiles, Autofill, History, Edge Wallet, Encryption Keys; Allow fail: Preferences, Extensions, Sessions, Extension settings, History Delete Directives, Device Info, User Consents, Send Tab To Self, Web Apps, Collection, Edge E Drop, Edge Hub App Usage, Edge Tab Group
2025-02-03 17:56:15.782: [INFO][Sync] Loading: Passwords
2025-02-03 17:56:15.782: [INFO][Sync] Loading: Autofill Profiles
2025-02-03 17:56:15.782: [INFO][Sync] Loading: Autofill
2025-02-03 17:56:15.782: [INFO][Sync] All data types are ready for configure.
2025-02-03 17:56:15.783: [INFO][SyncManagerImpl::NudgeForInitialDownload] Initial download nudge for Passwords
2025-02-03 17:56:15.783: [INFO][SyncManagerImpl::ConfigureSyncer] Types to download:  with reason: 5
2025-02-03 17:56:15.783: [INFO][SyncEngineBackend::DoFinishConfigureDataTypes] Failed to download types:  and succeeded types: 
2025-02-03 17:56:15.783: [INFO][Sync] ConfigurationDone, failed: , succeeded: , remaining count: 4
2025-02-03 17:56:15.783: [INFO][Sync] Prepare to configure types: Passwords, Encryption Keys
2025-02-03 17:56:15.783: [INFO][SyncManagerImpl::ConfigureSyncer] Types to download: Passwords, Encryption Keys with reason: 5
2025-02-03 17:56:15.783: [INFO][SyncSchedulerImpl::DoConfigurationSyncCycleJob] Blocked types:  and types to download: Passwords, Encryption Keys
2025-02-03 17:56:16.010: [INFO][SyncEngineBackend::DoFinishConfigureDataTypes] Failed to download types:  and succeeded types: Passwords, Encryption Keys
2025-02-03 17:56:16.011: [INFO][Sync] ConfigurationDone, failed: , succeeded: Passwords, Encryption Keys, remaining count: 3
2025-02-03 17:56:16.011: [INFO][SyncManagerImpl::ConfigureSyncer] Types to download:  with reason: 5
2025-02-03 17:56:16.011: [INFO][SyncEngineBackend::DoFinishConfigureDataTypes] Failed to download types:  and succeeded types: 
2025-02-03 17:56:16.011: [INFO][Sync] ConfigurationDone, failed: , succeeded: , remaining count: 2
2025-02-03 17:56:16.011: [INFO][SyncManagerImpl::ConfigureSyncer] Types to download:  with reason: 5
2025-02-03 17:56:16.011: [INFO][SyncEngineBackend::DoFinishConfigureDataTypes] Failed to download types:  and succeeded types: 
2025-02-03 17:56:16.014: [INFO][Sync] ConfigurationDone, failed: , succeeded: , remaining count: 1
2025-02-03 17:56:16.015: [INFO][SyncManagerImpl::ConfigureSyncer] Types to download:  with reason: 5
2025-02-03 17:56:16.015: [INFO][SyncEngineBackend::DoFinishConfigureDataTypes] Failed to download types:  and succeeded types: 
2025-02-03 17:56:16.015: [INFO][Sync] ConfigurationDone, failed: , succeeded: , remaining count: 0
2025-02-03 17:56:16.016: [INFO][Sync]     Configuration completed, state: 7
2025-02-03 17:56:16.016: [INFO][Sync] Configured DataTypeManager: Ok
2025-02-03 17:56:16.017: [INFO][SyncEngineBackend::DoStartSyncing] Start syncing
2025-02-03 18:24:48.995: [INFO][Sync] Reset engine, reason: 0
2025-02-03 18:24:48.995: [INFO][Sync] Reset engine with reason: 0
