Flutter crash report.
Please report a bug at https://github.com/flutter/flutter/issues.

## command

flutter build web

## exception

FileSystemException: FileSystemException: Failed to decode data using encoding 'utf-8', path = 'C:\Users\hp\Desktop\acadamic_project_manager\.gitignore'

```
#0      _File._tryDecode (dart:io/file_impl.dart:615:7)
#1      _File.readAsStringSync (dart:io/file_impl.dart:624:7)
#2      _File.readAsLinesSync (dart:io/file_impl.dart:630:36)
#3      ForwardingFile.readAsLinesSync (package:file/src/forwarding/forwarding_file.dart:107:16)
#4      ForwardingFile.readAsLinesSync (package:file/src/forwarding/forwarding_file.dart:107:16)
#5      ProjectMigrator.processFileLines (package:flutter_tools/src/base/project_migrator.dart:40:37)
#6      ScrubGeneratedPluginRegistrant.migrate (package:flutter_tools/src/web/migrations/scrub_generated_plugin_registrant.dart:29:7)
#7      ProjectMigration.run (package:flutter_tools/src/base/project_migrator.dart:84:22)
#8      WebBuilder.buildWeb (package:flutter_tools/src/web/compile.dart:87:21)
<asynchronous suspension>
#9      BuildWebCommand.runCommand (package:flutter_tools/src/commands/build_web.dart:233:5)
<asynchronous suspension>
#10     FlutterCommand.run.<anonymous closure> (package:flutter_tools/src/runner/flutter_command.dart:1450:27)
<asynchronous suspension>
#11     AppContext.run.<anonymous closure> (package:flutter_tools/src/base/context.dart:153:19)
<asynchronous suspension>
#12     CommandRunner.runCommand (package:args/command_runner.dart:212:13)
<asynchronous suspension>
#13     FlutterCommandRunner.runCommand.<anonymous closure> (package:flutter_tools/src/runner/flutter_command_runner.dart:421:9)
<asynchronous suspension>
#14     AppContext.run.<anonymous closure> (package:flutter_tools/src/base/context.dart:153:19)
<asynchronous suspension>
#15     FlutterCommandRunner.runCommand (package:flutter_tools/src/runner/flutter_command_runner.dart:364:5)
<asynchronous suspension>
#16     run.<anonymous closure>.<anonymous closure> (package:flutter_tools/runner.dart:131:9)
<asynchronous suspension>
#17     AppContext.run.<anonymous closure> (package:flutter_tools/src/base/context.dart:153:19)
<asynchronous suspension>
#18     main (package:flutter_tools/executable.dart:94:3)
<asynchronous suspension>
```

## flutter doctor

```
[32m[✓][39m Flutter (Channel stable, 3.27.3, on Microsoft Windows [Version 10.0.26100.2894], locale en-IN)
    [32m•[39m Flutter version 3.27.3 on channel stable at C:\Users\hp\Documents\flutter
    [32m•[39m Upstream repository https://github.com/flutter/flutter.git
    [32m•[39m Framework revision c519ee916e (11 days ago), 2025-01-21 10:32:23 -0800
    [32m•[39m Engine revision e672b006cb
    [32m•[39m Dart version 3.6.1
    [32m•[39m DevTools version 2.40.2

[32m[✓][39m Windows Version (Installed version of Windows is version 10 or higher)

[33m[!][39m Android toolchain - develop for Android devices (Android SDK version 33.0.0)
    [32m•[39m Android SDK at C:\Users\hp\AppData\Local\Android\sdk
    [31m✗[39m cmdline-tools component is missing
      Run `path/to/sdkmanager --install "cmdline-tools;latest"`
      See https://developer.android.com/studio/command-line for more details.
    [31m✗[39m Android license status unknown.
      Run `flutter doctor --android-licenses` to accept the SDK licenses.
      See https://flutter.dev/to/windows-android-setup for more details.

[32m[✓][39m Chrome - develop for the web
    [32m•[39m Chrome at C:\Program Files\Google\Chrome\Application\chrome.exe

[32m[✓][39m Visual Studio - develop Windows apps (Visual Studio Build Tools 2019 16.11.43)
    [32m•[39m Visual Studio at C:\Program Files (x86)\Microsoft Visual Studio\2019\BuildTools
    [32m•[39m Visual Studio Build Tools 2019 version 16.11.35706.149
    [32m•[39m Windows 10 SDK version 10.0.19041.0

[32m[✓][39m Android Studio (version 2021.2)
    [32m•[39m Android Studio at C:\Program Files\Android\Android Studio
    [32m•[39m Flutter plugin can be installed from:
      🔨 https://plugins.jetbrains.com/plugin/9212-flutter
    [32m•[39m Dart plugin can be installed from:
      🔨 https://plugins.jetbrains.com/plugin/6351-dart
    [32m•[39m Java version OpenJDK Runtime Environment (build 11.0.12+7-b1504.28-7817840)

[32m[✓][39m VS Code (version 1.96.4)
    [32m•[39m VS Code at C:\Users\hp\AppData\Local\Programs\Microsoft VS Code
    [32m•[39m Flutter extension version 3.102.0

[32m[✓][39m Connected device (3 available)
    [32m•[39m Windows (desktop) • windows • windows-x64    • Microsoft Windows [Version 10.0.26100.2894]
    [32m•[39m Chrome (web)      • chrome  • web-javascript • Google Chrome 132.0.6834.160
    [32m•[39m Edge (web)        • edge    • web-javascript • Microsoft Edge 132.0.2957.127

[32m[✓][39m Network resources
    [32m•[39m All expected network resources are available.

[33m![39m Doctor found issues in 1 category.
```
